5f469ec78886
 INFO - ::group::Log message source details
*** Found local files:
***   * /usr/local/airflow/logs/dag_id=full_training_pipeline-Homework/run_id=manual__2025-06-10T20:46:34.524350+00:00/task_id=register_model/attempt=1.log
 INFO - ::endgroup::
[2025-06-10T20:49:44.887+0000] {local_task_job_runner.py:123} INFO - ::group::Pre task execution logs
[2025-06-10T20:49:44.918+0000] {taskinstance.py:2631} INFO - Dependencies all met for dep_context=non-requeueable deps ti=<TaskInstance: full_training_pipeline-Homework.register_model manual__2025-06-10T20:46:34.524350+00:00 [queued]>
[2025-06-10T20:49:44.928+0000] {taskinstance.py:2631} INFO - Dependencies all met for dep_context=requeueable deps ti=<TaskInstance: full_training_pipeline-Homework.register_model manual__2025-06-10T20:46:34.524350+00:00 [queued]>
[2025-06-10T20:49:44.928+0000] {taskinstance.py:2884} INFO - Starting attempt 1 of 2
[2025-06-10T20:49:44.965+0000] {taskinstance.py:2907} INFO - Executing <Task(_PythonDecoratedOperator): register_model> on 2025-06-10 20:46:34.524350+00:00
[2025-06-10T20:49:44.989+0000] {logging_mixin.py:190} WARNING - /usr/local/lib/python3.12/site-packages/airflow/task/task_runner/standard_task_runner.py:70 DeprecationWarning: This process (pid=35327) is multi-threaded, use of fork() may lead to deadlocks in the child.
[2025-06-10T20:49:44.990+0000] {standard_task_runner.py:104} INFO - Running: ['airflow', 'tasks', 'run', 'full_training_pipeline-Homework', 'register_model', 'manual__2025-06-10T20:46:34.524350+00:00', '--job-id', '144', '--raw', '--subdir', 'DAGS_FOLDER/full_pipeline_dag-homework.py', '--cfg-path', '/tmp/tmp940f34pz']
[2025-06-10T20:49:44.991+0000] {standard_task_runner.py:72} INFO - Started process 35335 to run task
[2025-06-10T20:49:44.991+0000] {standard_task_runner.py:105} INFO - Job 144: Subtask register_model
[2025-06-10T20:49:45.069+0000] {task_command.py:467} INFO - Running <TaskInstance: full_training_pipeline-Homework.register_model manual__2025-06-10T20:46:34.524350+00:00 [running]> on host 5f469ec78886
[2025-06-10T20:49:45.187+0000] {taskinstance.py:3157} INFO - Exporting env vars: AIRFLOW_CTX_DAG_OWNER='airflow' AIRFLOW_CTX_DAG_ID='full_training_pipeline-Homework' AIRFLOW_CTX_TASK_ID='register_model' AIRFLOW_CTX_EXECUTION_DATE='2025-06-10T20:46:34.524350+00:00' AIRFLOW_CTX_TRY_NUMBER='1' AIRFLOW_CTX_DAG_RUN_ID='manual__2025-06-10T20:46:34.524350+00:00'
[2025-06-10T20:49:45.196+0000] {taskinstance.py:740} INFO - ::endgroup::
[2025-06-10T20:49:45.265+0000] {base.py:84} INFO - Retrieving connection 'mlflowconn'
[2025-06-10T20:49:45.266+0000] {client.py:119} INFO - Sending 'POST' to url: http://mlflow:5000/api/2.0/mlflow/registered-models/create
[2025-06-10T20:49:45.403+0000] {logging_mixin.py:190} INFO - Registered model response: {
  "registered_model": {
    "name": "LR-Model-HW",
    "creation_timestamp": 1749588585303,
    "last_updated_timestamp": 1749588585303
  }
}
[2025-06-10T20:49:45.404+0000] {python.py:240} INFO - Done. Returned value was: None
[2025-06-10T20:49:45.417+0000] {taskinstance.py:349} INFO - ::group::Post task execution logs
[2025-06-10T20:49:45.418+0000] {taskinstance.py:361} INFO - Marking task as SUCCESS. dag_id=full_training_pipeline-Homework, task_id=register_model, run_id=manual__2025-06-10T20:46:34.524350+00:00, execution_date=20250610T204634, start_date=20250610T204944, end_date=20250610T204945
[2025-06-10T20:49:45.532+0000] {local_task_job_runner.py:266} INFO - Task exited with return code 0
[2025-06-10T20:49:45.552+0000] {taskinstance.py:3924} INFO - 0 downstream tasks scheduled from follow-on schedule check
[2025-06-10T20:49:45.557+0000] {local_task_job_runner.py:245} INFO - ::endgroup::
