2025-06-07 04:00:28,020 - INFO - Downloading dataset from https://d37ci6vzurychx.cloudfront.net/trip-data/yellow_tripdata_2023-01.parquet
2025-06-07 04:00:31,969 - INFO - Read 3066766 rows. Schema:
VendorID                          int64
tpep_pickup_datetime     datetime64[us]
tpep_dropoff_datetime    datetime64[us]
passenger_count                 float64
trip_distance                   float64
RatecodeID                      float64
store_and_fwd_flag               object
PULocationID                      int64
DOLocationID                      int64
payment_type                      int64
fare_amount                     float64
extra                           float64
mta_tax                         float64
tip_amount                      float64
tolls_amount                    float64
improvement_surcharge           float64
total_amount                    float64
congestion_surcharge            float64
airport_fee                     float64
dtype: object
2025-06-07 04:00:31,969 - INFO - Dry run enabled — skipping MinIO upload
