5f469ec78886
 INFO - ::group::Log message source details
*** Found local files:
***   * /usr/local/airflow/logs/dag_id=full_training_pipeline-Homework/run_id=manual__2025-06-10T20:46:34.524350+00:00/task_id=run_preprocessing/attempt=1.log
 INFO - ::endgroup::
[2025-06-10T20:46:52.761+0000] {local_task_job_runner.py:123} INFO - ::group::Pre task execution logs
[2025-06-10T20:46:52.794+0000] {taskinstance.py:2631} INFO - Dependencies all met for dep_context=non-requeueable deps ti=<TaskInstance: full_training_pipeline-Homework.run_preprocessing manual__2025-06-10T20:46:34.524350+00:00 [queued]>
[2025-06-10T20:46:52.807+0000] {taskinstance.py:2631} INFO - Dependencies all met for dep_context=requeueable deps ti=<TaskInstance: full_training_pipeline-Homework.run_preprocessing manual__2025-06-10T20:46:34.524350+00:00 [queued]>
[2025-06-10T20:46:52.807+0000] {taskinstance.py:2884} INFO - Starting attempt 1 of 2
[2025-06-10T20:46:52.825+0000] {taskinstance.py:2907} INFO - Executing <Task(PythonOperator): run_preprocessing> on 2025-06-10 20:46:34.524350+00:00
[2025-06-10T20:46:52.850+0000] {logging_mixin.py:190} WARNING - /usr/local/lib/python3.12/site-packages/airflow/task/task_runner/standard_task_runner.py:70 DeprecationWarning: This process (pid=34857) is multi-threaded, use of fork() may lead to deadlocks in the child.
[2025-06-10T20:46:52.850+0000] {standard_task_runner.py:104} INFO - Running: ['airflow', 'tasks', 'run', 'full_training_pipeline-Homework', 'run_preprocessing', 'manual__2025-06-10T20:46:34.524350+00:00', '--job-id', '140', '--raw', '--subdir', 'DAGS_FOLDER/full_pipeline_dag-homework.py', '--cfg-path', '/tmp/tmpw9gjh674']
[2025-06-10T20:46:52.851+0000] {standard_task_runner.py:105} INFO - Job 140: Subtask run_preprocessing
[2025-06-10T20:46:52.851+0000] {standard_task_runner.py:72} INFO - Started process 34865 to run task
[2025-06-10T20:46:52.941+0000] {task_command.py:467} INFO - Running <TaskInstance: full_training_pipeline-Homework.run_preprocessing manual__2025-06-10T20:46:34.524350+00:00 [running]> on host 5f469ec78886
[2025-06-10T20:46:53.070+0000] {taskinstance.py:3157} INFO - Exporting env vars: AIRFLOW_CTX_DAG_OWNER='airflow' AIRFLOW_CTX_DAG_ID='full_training_pipeline-Homework' AIRFLOW_CTX_TASK_ID='run_preprocessing' AIRFLOW_CTX_EXECUTION_DATE='2025-06-10T20:46:34.524350+00:00' AIRFLOW_CTX_TRY_NUMBER='1' AIRFLOW_CTX_DAG_RUN_ID='manual__2025-06-10T20:46:34.524350+00:00'
[2025-06-10T20:46:53.074+0000] {taskinstance.py:740} INFO - ::endgroup::
[2025-06-10T20:46:53.102+0000] {base.py:84} INFO - Retrieving connection 'minio_s3'
[2025-06-10T20:46:53.103+0000] {connection_wrapper.py:325} INFO - AWS Connection (conn_id='minio_s3', conn_type='aws') credentials retrieved from login and password.
[2025-06-10T20:46:53.721+0000] {logging_mixin.py:190} INFO - Read 3403766 rows from yellow_tripdata_2023-03.parquet in MinIO bucket 'mlopsdirhowework'.
[2025-06-10T20:46:53.723+0000] {logging_mixin.py:190} INFO - Index(['VendorID', 'tpep_pickup_datetime', 'tpep_dropoff_datetime',
       'passenger_count', 'trip_distance', 'RatecodeID', 'store_and_fwd_flag',
       'PULocationID', 'DOLocationID', 'payment_type', 'fare_amount', 'extra',
       'mta_tax', 'tip_amount', 'tolls_amount', 'improvement_surcharge',
       'total_amount', 'congestion_surcharge', 'Airport_fee'],
      dtype='object')
[2025-06-10T20:46:53.723+0000] {logging_mixin.py:190} INFO - (3403766, 19)
[2025-06-10T20:46:53.806+0000] {logging_mixin.py:190} INFO - Initial Number of records loaded: 3403766
[2025-06-10T20:47:13.752+0000] {logging_mixin.py:190} INFO - Number of after preprocessing: 3316216
[2025-06-10T20:47:24.401+0000] {logging_mixin.py:190} INFO - DataFrame shape after processing: (3316216, 20)
[2025-06-10T20:47:30.851+0000] {base.py:84} INFO - Retrieving connection 'minio_s3'
[2025-06-10T20:47:30.852+0000] {connection_wrapper.py:325} INFO - AWS Connection (conn_id='minio_s3', conn_type='aws') credentials retrieved from login and password.
[2025-06-10T20:47:31.697+0000] {base.py:84} INFO - Retrieving connection 'minio_s3'
[2025-06-10T20:47:31.698+0000] {connection_wrapper.py:325} INFO - AWS Connection (conn_id='minio_s3', conn_type='aws') credentials retrieved from login and password.
[2025-06-10T20:47:36.120+0000] {hook.py:208} WARNING - Data lineage tracking is disabled. Register a hook lineage reader to start tracking hook lineage.
[2025-06-10T20:47:36.328+0000] {python.py:240} INFO - Done. Returned value was: None
[2025-06-10T20:47:36.352+0000] {taskinstance.py:349} INFO - ::group::Post task execution logs
[2025-06-10T20:47:36.353+0000] {taskinstance.py:361} INFO - Marking task as SUCCESS. dag_id=full_training_pipeline-Homework, task_id=run_preprocessing, run_id=manual__2025-06-10T20:46:34.524350+00:00, execution_date=20250610T204634, start_date=20250610T204652, end_date=20250610T204736
[2025-06-10T20:47:36.533+0000] {local_task_job_runner.py:266} INFO - Task exited with return code 0
[2025-06-10T20:47:36.569+0000] {taskinstance.py:3924} INFO - 1 downstream tasks scheduled from follow-on schedule check
[2025-06-10T20:47:36.580+0000] {local_task_job_runner.py:245} INFO - ::endgroup::
