2025-06-07 00:08:21,082 - INFO - Read 68211 rows
2025-06-07 00:08:21,087 - INFO - Schema preview:
VendorID                          int64
lpep_pickup_datetime     datetime64[us]
lpep_dropoff_datetime    datetime64[us]
store_and_fwd_flag               object
RatecodeID                      float64
PULocationID                      int64
DOLocationID                      int64
passenger_count                 float64
trip_distance                   float64
fare_amount                     float64
extra                           float64
mta_tax                         float64
tip_amount                      float64
tolls_amount                    float64
ehail_fee                        object
improvement_surcharge           float64
total_amount                    float64
payment_type                    float64
trip_type                       float64
congestion_surcharge            float64
dtype: object
2025-06-07 00:08:21,088 - INFO - Dry run: skipping database insertion.
2025-06-07 00:25:45,350 - INFO - Read 3066766 rows
2025-06-07 00:25:45,356 - INFO - Schema preview:
VendorID                          int64
tpep_pickup_datetime     datetime64[us]
tpep_dropoff_datetime    datetime64[us]
passenger_count                 float64
trip_distance                   float64
RatecodeID                      float64
store_and_fwd_flag               object
PULocationID                      int64
DOLocationID                      int64
payment_type                      int64
fare_amount                     float64
extra                           float64
mta_tax                         float64
tip_amount                      float64
tolls_amount                    float64
improvement_surcharge           float64
total_amount                    float64
congestion_surcharge            float64
airport_fee                     float64
dtype: object
2025-06-07 00:25:45,356 - INFO - Dry run: skipping database insertion.
